<?xml version="1.0" encoding="UTF-8"?>
<!-- Generated by org.testng.reporters.JUnitReportReporter -->
<testsuite hostname="Ayush-Mathur" failures="0" tests="2" name="qaclickacademy.restassureDTest" time="0.006" errors="0" timestamp="18 Jul 2021 06:58:59 GMT" skipped="0">
  <testcase classname="qaclickacademy.restassureDTest" name="restAPIUITesting" time="0.006"/>
  <testcase classname="qaclickacademy.restassureDTest" name="restapiTesting" time="0.000"/>
</testsuite> <!-- qaclickacademy.restassureDTest -->
