<?xml version="1.0" encoding="UTF-8"?>
<!-- Generated by org.testng.reporters.JUnitReportReporter -->
<testsuite hostname="Ayush-Mathur" failures="0" tests="2" name="qaclickacademy.appiuMTest" time="0.000" errors="0" timestamp="18 Jul 2021 06:58:59 GMT" skipped="0">
  <testcase classname="qaclickacademy.appiuMTest" name="appiumtesting" time="0.000"/>
  <testcase classname="qaclickacademy.appiuMTest" name="appiumUITesting" time="0.000"/>
</testsuite> <!-- qaclickacademy.appiuMTest -->
